srun: dropcache-spank: Bull Drop Cache Library enabled upon user request
/fsiof/mimounis/tmp
Number of tasks = 1
	seed = 1
	nr_operations = 125000
	leads = 1
	lead_advance = 4000
	lead_repeat = 1
	sequential = 0
	do_reads = 1
	do_fsync = 1
	align = 1
	scatter = 1000000
	min_op_size = 4000
	max_op_size = 4000
	file_size = 10737418240
	random_leads = 0
	share_file = 0
	clean_file = 0
Test runtime(s):
	min = 4.571
	avg = 4.571
	max = 4.571
Fsync duration(s):
	min = 0.001
	avg = 0.001
	max = 0.001
Total time(s):
	min = 4.571
	avg = 4.571
	max = 4.571

real	0m5.300s
user	0m0.007s
sys	0m0.004s
