srun: dropcache-spank: Bull Drop Cache Library enabled upon user request
/fsiof/mimounis/tmp
Number of tasks = 1
	seed = 1
	nr_operations = 1004
	leads = 1
	lead_advance = 10443984
	lead_repeat = 1
	sequential = 0
	do_reads = 1
	do_fsync = 1
	align = 1
	scatter = 0
	min_op_size = 10443984
	max_op_size = 10443984
	file_size = 10737418240
	random_leads = 0
	share_file = 0
	clean_file = 0
Test runtime(s):
	min = 2.863
	avg = 2.863
	max = 2.863
Fsync duration(s):
	min = 0.000
	avg = 0.000
	max = 0.000
Total time(s):
	min = 2.863
	avg = 2.863
	max = 2.863

real	0m5.072s
user	0m0.003s
sys	0m0.010s
