/fsiof/phamtt/tmp
Number of tasks = 1
	seed = 1
	nr_operations = 100000
	leads = 1
	lead_advance = 10000
	lead_repeat = 1
	sequential = 0
	do_reads = 1
	do_fsync = 1
	align = 1
	scatter = 0
	min_op_size = 10000
	max_op_size = 10000
	file_size = 10737418240
	random_leads = 0
	share_file = 0
	clean_file = 0
Test runtime(s):
	min = 0.507
	avg = 0.507
	max = 0.507
Fsync duration(s):
	min = 0.001
	avg = 0.001
	max = 0.001
Total time(s):
	min = 0.508
	avg = 0.508
	max = 0.508
/fsiof/phamtt/tmp
Number of tasks = 1
	seed = 1
	nr_operations = 100000
	leads = 1
	lead_advance = 10000
	lead_repeat = 1
	sequential = 0
	do_reads = 1
	do_fsync = 1
	align = 1
	scatter = 0
	min_op_size = 10000
	max_op_size = 10000
	file_size = 10737418240
	random_leads = 0
	share_file = 0
	clean_file = 0
Test runtime(s):
	min = 0.161
	avg = 0.161
	max = 0.161
Fsync duration(s):
	min = 0.015
	avg = 0.015
	max = 0.015
Total time(s):
	min = 0.176
	avg = 0.176
	max = 0.176

real	0m1.500s
user	0m0.015s
sys	0m0.008s
