/fsiof/phamtt/tmp
Number of tasks = 1
	seed = 1
	nr_operations = 100000
	leads = 1
	lead_advance = 10000
	lead_repeat = 1
	sequential = 0
	do_reads = 1
	do_fsync = 1
	align = 1
	scatter = 0
	min_op_size = 10000
	max_op_size = 10000
	file_size = 10737418240
	random_leads = 0
	share_file = 0
	clean_file = 0
Test runtime(s):
	min = 0.138
	avg = 0.138
	max = 0.138
Fsync duration(s):
	min = 0.001
	avg = 0.001
	max = 0.001
Total time(s):
	min = 0.139
	avg = 0.139
	max = 0.139
/fsiof/phamtt/tmp
Number of tasks = 1
	seed = 1
	nr_operations = 100000
	leads = 1
	lead_advance = 10000
	lead_repeat = 1
	sequential = 0
	do_reads = 1
	do_fsync = 1
	align = 1
	scatter = 0
	min_op_size = 10000
	max_op_size = 10000
	file_size = 10737418240
	random_leads = 0
	share_file = 0
	clean_file = 0
Test runtime(s):
	min = 0.133
	avg = 0.133
	max = 0.133
Fsync duration(s):
	min = 0.012
	avg = 0.012
	max = 0.012
Total time(s):
	min = 0.144
	avg = 0.144
	max = 0.144

real	0m1.096s
user	0m0.008s
sys	0m0.015s
